2022-05-30 14:37:00 [scrapy.core.scraper] ERROR: Spider error processing <GET https://www.ptt.cc/bbs/Stock/M.1642436725.A.5B3.html> (referer: https://www.ptt.cc/bbs/Stock/index.html)
Traceback (most recent call last):
  File "\\NAVDI.ht.local\ShareData\總管理處\資訊部\直播技術組\bdaniel\env\scrapy_env\lib\site-packages\scrapy\utils\defer.py", line 132, in iter_errback
    yield next(it)
  File "\\NAVDI.ht.local\ShareData\總管理處\資訊部\直播技術組\bdaniel\env\scrapy_env\lib\site-packages\scrapy\utils\python.py", line 354, in __next__
    return next(self.data)
  File "\\NAVDI.ht.local\ShareData\總管理處\資訊部\直播技術組\bdaniel\env\scrapy_env\lib\site-packages\scrapy\utils\python.py", line 354, in __next__
    return next(self.data)
  File "\\NAVDI.ht.local\ShareData\總管理處\資訊部\直播技術組\bdaniel\env\scrapy_env\lib\site-packages\scrapy\core\spidermw.py", line 66, in _evaluate_iterable
    for r in iterable:
  File "\\NAVDI.ht.local\ShareData\總管理處\資訊部\直播技術組\bdaniel\env\scrapy_env\lib\site-packages\scrapy\spidermiddlewares\offsite.py", line 29, in process_spider_output
    for x in result:
  File "\\NAVDI.ht.local\ShareData\總管理處\資訊部\直播技術組\bdaniel\env\scrapy_env\lib\site-packages\scrapy\core\spidermw.py", line 66, in _evaluate_iterable
    for r in iterable:
  File "\\NAVDI.ht.local\ShareData\總管理處\資訊部\直播技術組\bdaniel\env\scrapy_env\lib\site-packages\scrapy\spidermiddlewares\referer.py", line 342, in <genexpr>
    return (_set_referer(r) for r in result or ())
  File "\\NAVDI.ht.local\ShareData\總管理處\資訊部\直播技術組\bdaniel\env\scrapy_env\lib\site-packages\scrapy\core\spidermw.py", line 66, in _evaluate_iterable
    for r in iterable:
  File "\\NAVDI.ht.local\ShareData\總管理處\資訊部\直播技術組\bdaniel\env\scrapy_env\lib\site-packages\scrapy\spidermiddlewares\urllength.py", line 40, in <genexpr>
    return (r for r in result or () if _filter(r))
  File "\\NAVDI.ht.local\ShareData\總管理處\資訊部\直播技術組\bdaniel\env\scrapy_env\lib\site-packages\scrapy\core\spidermw.py", line 66, in _evaluate_iterable
    for r in iterable:
  File "\\NAVDI.ht.local\ShareData\總管理處\資訊部\直播技術組\bdaniel\env\scrapy_env\lib\site-packages\scrapy\spidermiddlewares\depth.py", line 58, in <genexpr>
    return (r for r in result or () if _filter(r))
  File "\\NAVDI.ht.local\ShareData\總管理處\資訊部\直播技術組\bdaniel\env\scrapy_env\lib\site-packages\scrapy\core\spidermw.py", line 66, in _evaluate_iterable
    for r in iterable:
  File "F:\clawer\scrapy_learning\scrapy_learning\spiders\ptt_stock.py", line 58, in parse_content
    titlename = titlename[0]
IndexError: list index out of range
